<?xml version="1.0" encoding="UTF-8"?>
<!-- Generated by org.testng.reporters.JUnitReportReporter -->
<testsuite hostname="DESKTOP-H0QPE32" failures="0" tests="2" name="testcases.TestCase1" time="28.274" errors="0" timestamp="2024-06-25T13:10:39 TRT" skipped="0">
  <testcase classname="testcases.TestCase1" name="verifyTestCasesPage" time="26.412"/>
  <testcase classname="testcases.TestCase1" name="closeBrowser" time="1.862"/>
</testsuite> <!-- testcases.TestCase1 -->
