<?xml version="1.0" encoding="UTF-8"?>
<!-- Generated by org.testng.reporters.JUnitReportReporter -->
<testsuite hostname="DESKTOP-H0QPE32" failures="0" tests="2" name="testcases.TestCase2" time="72.197" errors="0" timestamp="2024-06-25T15:41:53 TRT" skipped="0">
  <testcase classname="testcases.TestCase2" name="searchProduct" time="67.620"/>
  <testcase classname="testcases.TestCase2" name="closeBrowser" time="4.577"/>
</testsuite> <!-- testcases.TestCase2 -->
