<?xml version="1.0" encoding="UTF-8"?>
<!-- Generated by org.testng.reporters.JUnitReportReporter -->
<testsuite hostname="DESKTOP-H0QPE32" failures="0" tests="2" name="testcases.TestCase2" time="63.556" errors="0" timestamp="2024-06-27T10:47:39 TRT" skipped="0">
  <testcase classname="testcases.TestCase2" name="closeBrowser" time="2.410"/>
  <testcase classname="testcases.TestCase2" name="searchProduct" time="61.146"/>
</testsuite> <!-- testcases.TestCase2 -->
